Started GET "/" for 127.0.0.1 at 2023-03-31 11:58:42 -0400
Processing by Rails::WelcomeController#index as HTML
  Rendering /Users/freakynoblegas/.asdf/installs/ruby/3.2.1/lib/ruby/gems/3.2.0/gems/railties-7.0.4/lib/rails/templates/rails/welcome/index.html.erb
  Rendered /Users/freakynoblegas/.asdf/installs/ruby/3.2.1/lib/ruby/gems/3.2.0/gems/railties-7.0.4/lib/rails/templates/rails/welcome/index.html.erb (Duration: 1.0ms | Allocations: 631)
Completed 200 OK in 8ms (Views: 3.2ms | ActiveRecord: 0.0ms | Allocations: 5328)


Started GET "/" for 127.0.0.1 at 2023-03-31 12:01:27 -0400
Processing by Rails::WelcomeController#index as HTML
  Rendering /Users/freakynoblegas/.asdf/installs/ruby/3.2.1/lib/ruby/gems/3.2.0/gems/railties-7.0.4/lib/rails/templates/rails/welcome/index.html.erb
  Rendered /Users/freakynoblegas/.asdf/installs/ruby/3.2.1/lib/ruby/gems/3.2.0/gems/railties-7.0.4/lib/rails/templates/rails/welcome/index.html.erb (Duration: 2.1ms | Allocations: 273)
Completed 200 OK in 13ms (Views: 11.2ms | ActiveRecord: 0.0ms | Allocations: 838)


Started GET "/" for 127.0.0.1 at 2023-04-01 09:38:28 -0400
Processing by Rails::WelcomeController#index as HTML
  Rendering /Users/freakynoblegas/.asdf/installs/ruby/3.2.1/lib/ruby/gems/3.2.0/gems/railties-7.0.4/lib/rails/templates/rails/welcome/index.html.erb
  Rendered /Users/freakynoblegas/.asdf/installs/ruby/3.2.1/lib/ruby/gems/3.2.0/gems/railties-7.0.4/lib/rails/templates/rails/welcome/index.html.erb (Duration: 0.7ms | Allocations: 485)
Completed 200 OK in 4ms (Views: 1.9ms | ActiveRecord: 0.0ms | Allocations: 3452)


Started GET "/" for 127.0.0.1 at 2023-04-01 10:02:24 -0400
Processing by Rails::WelcomeController#index as HTML
  Rendering /Users/freakynoblegas/.asdf/installs/ruby/3.2.1/lib/ruby/gems/3.2.0/gems/railties-7.0.4/lib/rails/templates/rails/welcome/index.html.erb
  Rendered /Users/freakynoblegas/.asdf/installs/ruby/3.2.1/lib/ruby/gems/3.2.0/gems/railties-7.0.4/lib/rails/templates/rails/welcome/index.html.erb (Duration: 0.5ms | Allocations: 273)
Completed 200 OK in 1ms (Views: 1.0ms | Allocations: 835)


Started GET "/" for 127.0.0.1 at 2023-04-01 10:03:09 -0400
Processing by WelcomeController#index as HTML
  Rendering layout layouts/application.html.erb
  Rendering welcome/index.html.erb within layouts/application
  Rendered welcome/index.html.erb within layouts/application (Duration: 0.2ms | Allocations: 104)
  Rendered layout layouts/application.html.erb (Duration: 446.2ms | Allocations: 89228)
Completed 200 OK in 448ms (Views: 447.2ms | Allocations: 90028)


Started GET "/welcome/index" for 127.0.0.1 at 2023-04-01 10:03:42 -0400
Processing by WelcomeController#index as HTML
  Rendering layout layouts/application.html.erb
  Rendering welcome/index.html.erb within layouts/application
  Rendered welcome/index.html.erb within layouts/application (Duration: 0.0ms | Allocations: 7)
  Rendered layout layouts/application.html.erb (Duration: 3.1ms | Allocations: 2344)
Completed 200 OK in 7ms (Views: 6.7ms | Allocations: 2599)


Started GET "/articles/new" for 127.0.0.1 at 2023-04-01 10:13:00 -0400
Processing by ArticlesController#new as HTML
  Rendering layout layouts/application.html.erb
  Rendering articles/new.html.erb within layouts/application
  Rendered articles/new.html.erb within layouts/application (Duration: 0.1ms | Allocations: 109)
  Rendered layout layouts/application.html.erb (Duration: 4.6ms | Allocations: 13424)
Completed 200 OK in 6ms (Views: 5.2ms | Allocations: 14233)


Started GET "/articles/new" for 127.0.0.1 at 2023-04-01 10:13:50 -0400
Processing by ArticlesController#new as HTML
  Rendering layout layouts/application.html.erb
  Rendering articles/new.html.erb within layouts/application
  Rendered articles/new.html.erb within layouts/application (Duration: 30.2ms | Allocations: 8639)
  Rendered layout layouts/application.html.erb (Duration: 32.0ms | Allocations: 11005)
Completed 200 OK in 36ms (Views: 34.2ms | Allocations: 11728)


Started POST "/articles/new" for 127.0.0.1 at 2023-04-01 10:19:49 -0400
  
ActionController::RoutingError (No route matches [POST] "/articles/new"):
  
Started GET "/articles/new" for 127.0.0.1 at 2023-04-01 10:19:49 -0400
Processing by ArticlesController#new as HTML
  Rendering layout layouts/application.html.erb
  Rendering articles/new.html.erb within layouts/application
  Rendered articles/new.html.erb within layouts/application (Duration: 0.7ms | Allocations: 1071)
  Rendered layout layouts/application.html.erb (Duration: 4.7ms | Allocations: 14210)
Completed 200 OK in 6ms (Views: 5.3ms | Allocations: 14977)


Started POST "/articles" for 127.0.0.1 at 2023-04-01 10:20:12 -0400
Processing by ArticlesController#create as TURBO_STREAM
  Parameters: {"authenticity_token"=>"[FILTERED]", "article"=>{"title"=>"", "text"=>""}, "commit"=>"Save Article"}
  Rendering text template
  Rendered text template (Duration: 0.0ms | Allocations: 6)
Completed 200 OK in 6ms (Views: 4.0ms | Allocations: 616)


  [1m[35m (1.1ms)[0m  [1m[35mCREATE TABLE "schema_migrations" ("version" varchar NOT NULL PRIMARY KEY)[0m
  [1m[35m (0.3ms)[0m  [1m[35mCREATE TABLE "ar_internal_metadata" ("key" varchar NOT NULL PRIMARY KEY, "value" varchar, "created_at" datetime(6) NOT NULL, "updated_at" datetime(6) NOT NULL)[0m
  [1m[36mActiveRecord::SchemaMigration Pluck (0.0ms)[0m  [1m[34mSELECT "schema_migrations"."version" FROM "schema_migrations" ORDER BY "schema_migrations"."version" ASC[0m
Migrating to CreateArticles (20230401142222)
  [1m[36mTRANSACTION (0.0ms)[0m  [1m[36mbegin transaction[0m
  [1m[35m (0.2ms)[0m  [1m[35mCREATE TABLE "articles" ("id" integer PRIMARY KEY AUTOINCREMENT NOT NULL, "title" varchar, "text" text, "created_at" datetime(6) NOT NULL, "updated_at" datetime(6) NOT NULL)[0m
  [1m[36mActiveRecord::SchemaMigration Create (0.1ms)[0m  [1m[32mINSERT INTO "schema_migrations" ("version") VALUES (?)[0m  [["version", "20230401142222"]]
  [1m[36mTRANSACTION (0.3ms)[0m  [1m[36mcommit transaction[0m
  [1m[36mActiveRecord::InternalMetadata Load (0.0ms)[0m  [1m[34mSELECT "ar_internal_metadata".* FROM "ar_internal_metadata" WHERE "ar_internal_metadata"."key" = ? LIMIT ?[0m  [["key", "environment"], ["LIMIT", 1]]
  [1m[36mTRANSACTION (0.0ms)[0m  [1m[36mbegin transaction[0m
  [1m[36mActiveRecord::InternalMetadata Create (0.1ms)[0m  [1m[32mINSERT INTO "ar_internal_metadata" ("key", "value", "created_at", "updated_at") VALUES (?, ?, ?, ?)[0m  [["key", "environment"], ["value", "development"], ["created_at", "2023-04-01 14:24:36.858882"], ["updated_at", "2023-04-01 14:24:36.858882"]]
  [1m[36mTRANSACTION (0.2ms)[0m  [1m[36mcommit transaction[0m
  [1m[36mActiveRecord::SchemaMigration Pluck (0.0ms)[0m  [1m[34mSELECT "schema_migrations"."version" FROM "schema_migrations" ORDER BY "schema_migrations"."version" ASC[0m
Started GET "/articles/new" for 127.0.0.1 at 2023-04-01 12:40:16 -0400
  [1m[36mActiveRecord::SchemaMigration Pluck (0.0ms)[0m  [1m[34mSELECT "schema_migrations"."version" FROM "schema_migrations" ORDER BY "schema_migrations"."version" ASC[0m
Processing by ArticlesController#new as HTML
  Rendering layout layouts/application.html.erb
  Rendering articles/new.html.erb within layouts/application
  Rendered articles/new.html.erb within layouts/application (Duration: 0.9ms | Allocations: 853)
  Rendered layout layouts/application.html.erb (Duration: 7.9ms | Allocations: 13804)
Completed 200 OK in 9ms (Views: 8.3ms | ActiveRecord: 0.0ms | Allocations: 14333)


Started GET "/articles/new" for 127.0.0.1 at 2023-04-01 12:43:32 -0400
Processing by ArticlesController#new as HTML
  Rendering layout layouts/application.html.erb
  Rendering articles/new.html.erb within layouts/application
  Rendered articles/new.html.erb within layouts/application (Duration: 0.7ms | Allocations: 1033)
  Rendered layout layouts/application.html.erb (Duration: 4.7ms | Allocations: 14021)
Completed 200 OK in 6ms (Views: 5.2ms | Allocations: 14834)


Started POST "/articles" for 127.0.0.1 at 2023-04-01 12:43:39 -0400
Processing by ArticlesController#create as TURBO_STREAM
  Parameters: {"authenticity_token"=>"[FILTERED]", "article"=>{"title"=>"hello", "text"=>"bye"}, "commit"=>"Save Article"}
  Rendering text template
  Rendered text template (Duration: 0.0ms | Allocations: 4)
  [1m[36mTRANSACTION (0.0ms)[0m  [1m[36mbegin transaction[0m
  ↳ app/controllers/articles_controller.rb:17:in `create'
  [1m[36mArticle Create (0.7ms)[0m  [1m[32mINSERT INTO "articles" ("title", "text", "created_at", "updated_at") VALUES (?, ?, ?, ?)[0m  [["title", "hello"], ["text", "bye"], ["created_at", "2023-04-01 16:43:39.405253"], ["updated_at", "2023-04-01 16:43:39.405253"]]
  ↳ app/controllers/articles_controller.rb:17:in `create'
  [1m[36mTRANSACTION (0.6ms)[0m  [1m[36mcommit transaction[0m
  ↳ app/controllers/articles_controller.rb:17:in `create'
Redirected to 
Completed 500 Internal Server Error in 21ms (Views: 0.4ms | ActiveRecord: 2.4ms | Allocations: 8915)


  
AbstractController::DoubleRenderError (Render and/or redirect were called multiple times in this action. Please note that you may only call render OR redirect, and at most once per action. Also note that neither redirect nor render terminate execution of the action, so if you want to exit an action after redirecting, you need to do something like "redirect_to(...) and return".):
  
app/controllers/articles_controller.rb:20:in `create'
Started GET "/articles/new" for 127.0.0.1 at 2023-04-01 12:46:08 -0400
Processing by ArticlesController#new as HTML
  Rendering layout layouts/application.html.erb
  Rendering articles/new.html.erb within layouts/application
  Rendered articles/new.html.erb within layouts/application (Duration: 0.8ms | Allocations: 822)
  Rendered layout layouts/application.html.erb (Duration: 5.4ms | Allocations: 13761)
Completed 200 OK in 6ms (Views: 5.7ms | Allocations: 14279)


Started POST "/articles" for 127.0.0.1 at 2023-04-01 12:46:12 -0400
Processing by ArticlesController#create as TURBO_STREAM
  Parameters: {"authenticity_token"=>"[FILTERED]", "article"=>{"title"=>"", "text"=>""}, "commit"=>"Save Article"}
  [1m[36mTRANSACTION (0.0ms)[0m  [1m[36mbegin transaction[0m
  ↳ app/controllers/articles_controller.rb:17:in `create'
  [1m[36mArticle Create (0.5ms)[0m  [1m[32mINSERT INTO "articles" ("title", "text", "created_at", "updated_at") VALUES (?, ?, ?, ?)[0m  [["title", ""], ["text", ""], ["created_at", "2023-04-01 16:46:12.688339"], ["updated_at", "2023-04-01 16:46:12.688339"]]
  ↳ app/controllers/articles_controller.rb:17:in `create'
  [1m[36mTRANSACTION (0.9ms)[0m  [1m[36mcommit transaction[0m
  ↳ app/controllers/articles_controller.rb:17:in `create'
Redirected to http://0.0.0.0:3000/articles/2
Completed 302 Found in 13ms (ActiveRecord: 2.5ms | Allocations: 4658)


Started GET "/articles/2" for 127.0.0.1 at 2023-04-01 12:46:12 -0400
Processing by ArticlesController#show as TURBO_STREAM
  Parameters: {"id"=>"2"}
  [1m[36mArticle Load (0.2ms)[0m  [1m[34mSELECT "articles".* FROM "articles" WHERE "articles"."id" = ? LIMIT ?[0m  [["id", 2], ["LIMIT", 1]]
  ↳ app/controllers/articles_controller.rb:4:in `show'
  Rendering layout layouts/application.html.erb
  Rendering articles/show.html.erb within layouts/application
  Rendered articles/show.html.erb within layouts/application (Duration: 0.5ms | Allocations: 166)
  Rendered layout layouts/application.html.erb (Duration: 3.1ms | Allocations: 2400)
Completed 200 OK in 7ms (Views: 3.5ms | ActiveRecord: 0.2ms | Allocations: 5050)


Started GET "/articles" for 127.0.0.1 at 2023-04-01 12:49:19 -0400
Processing by ArticlesController#index as HTML
  Rendering layout layouts/application.html.erb
  Rendering articles/index.html.erb within layouts/application
  [1m[36mArticle Load (0.0ms)[0m  [1m[34mSELECT "articles".* FROM "articles"[0m
  ↳ app/views/articles/index.html.erb:9
  Rendered articles/index.html.erb within layouts/application (Duration: 1.8ms | Allocations: 2573)
  Rendered layout layouts/application.html.erb (Duration: 6.4ms | Allocations: 15753)
Completed 200 OK in 8ms (Views: 7.0ms | ActiveRecord: 0.3ms | Allocations: 17103)


Started GET "/articles/1" for 127.0.0.1 at 2023-04-01 12:49:21 -0400
Processing by ArticlesController#show as HTML
  Parameters: {"id"=>"1"}
  [1m[36mArticle Load (0.2ms)[0m  [1m[34mSELECT "articles".* FROM "articles" WHERE "articles"."id" = ? LIMIT ?[0m  [["id", 1], ["LIMIT", 1]]
  ↳ app/controllers/articles_controller.rb:7:in `show'
  Rendering layout layouts/application.html.erb
  Rendering articles/show.html.erb within layouts/application
  Rendered articles/show.html.erb within layouts/application (Duration: 0.5ms | Allocations: 149)
  Rendered layout layouts/application.html.erb (Duration: 3.7ms | Allocations: 2389)
Completed 200 OK in 6ms (Views: 4.1ms | ActiveRecord: 0.2ms | Allocations: 3792)


Started GET "/articles" for 127.0.0.1 at 2023-04-01 12:49:49 -0400
Processing by ArticlesController#index as HTML
  Rendering layout layouts/application.html.erb
  Rendering articles/index.html.erb within layouts/application
  [1m[36mArticle Load (0.1ms)[0m  [1m[34mSELECT "articles".* FROM "articles"[0m
  ↳ app/views/articles/index.html.erb:9
  Rendered articles/index.html.erb within layouts/application (Duration: 1.8ms | Allocations: 892)
  Rendered layout layouts/application.html.erb (Duration: 4.9ms | Allocations: 3409)
Completed 200 OK in 8ms (Views: 6.9ms | ActiveRecord: 0.1ms | Allocations: 4144)


Started GET "/articles/1" for 127.0.0.1 at 2023-04-01 12:49:51 -0400
Processing by ArticlesController#show as HTML
  Parameters: {"id"=>"1"}
  [1m[36mArticle Load (0.1ms)[0m  [1m[34mSELECT "articles".* FROM "articles" WHERE "articles"."id" = ? LIMIT ?[0m  [["id", 1], ["LIMIT", 1]]
  ↳ app/controllers/articles_controller.rb:7:in `show'
  Rendering layout layouts/application.html.erb
  Rendering articles/show.html.erb within layouts/application
  Rendered articles/show.html.erb within layouts/application (Duration: 0.6ms | Allocations: 149)
  Rendered layout layouts/application.html.erb (Duration: 3.4ms | Allocations: 2404)
Completed 200 OK in 6ms (Views: 3.8ms | ActiveRecord: 0.1ms | Allocations: 3208)


Started GET "/articles/2" for 127.0.0.1 at 2023-04-01 12:49:54 -0400
Processing by ArticlesController#show as HTML
  Parameters: {"id"=>"2"}
  [1m[36mArticle Load (0.1ms)[0m  [1m[34mSELECT "articles".* FROM "articles" WHERE "articles"."id" = ? LIMIT ?[0m  [["id", 2], ["LIMIT", 1]]
  ↳ app/controllers/articles_controller.rb:7:in `show'
  Rendering layout layouts/application.html.erb
  Rendering articles/show.html.erb within layouts/application
  Rendered articles/show.html.erb within layouts/application (Duration: 0.1ms | Allocations: 11)
  Rendered layout layouts/application.html.erb (Duration: 2.5ms | Allocations: 2276)
Completed 200 OK in 4ms (Views: 2.9ms | ActiveRecord: 0.1ms | Allocations: 3026)


Started GET "/articles" for 127.0.0.1 at 2023-04-01 12:56:16 -0400
Processing by ArticlesController#index as HTML
  Rendering layout layouts/application.html.erb
  Rendering articles/index.html.erb within layouts/application
  [1m[36mArticle Load (0.4ms)[0m  [1m[34mSELECT "articles".* FROM "articles"[0m
  ↳ app/views/articles/index.html.erb:9
  Rendered articles/index.html.erb within layouts/application (Duration: 3.3ms | Allocations: 1035)
  Rendered layout layouts/application.html.erb (Duration: 7.6ms | Allocations: 3571)
Completed 200 OK in 11ms (Views: 9.9ms | ActiveRecord: 0.8ms | Allocations: 4306)


Started GET "/" for 127.0.0.1 at 2023-04-01 12:56:21 -0400
Processing by WelcomeController#index as HTML
  Rendering layout layouts/application.html.erb
  Rendering welcome/index.html.erb within layouts/application
  Rendered welcome/index.html.erb within layouts/application (Duration: 0.7ms | Allocations: 696)
  Rendered layout layouts/application.html.erb (Duration: 3.5ms | Allocations: 3038)
Completed 200 OK in 5ms (Views: 4.5ms | ActiveRecord: 0.0ms | Allocations: 3659)


Started GET "/" for 127.0.0.1 at 2023-04-01 12:56:28 -0400
Processing by WelcomeController#index as HTML
  Rendering layout layouts/application.html.erb
  Rendering welcome/index.html.erb within layouts/application
  Rendered welcome/index.html.erb within layouts/application (Duration: 0.1ms | Allocations: 92)
  Rendered layout layouts/application.html.erb (Duration: 2.0ms | Allocations: 2372)
Completed 200 OK in 3ms (Views: 2.2ms | ActiveRecord: 0.0ms | Allocations: 2626)


Started GET "/" for 127.0.0.1 at 2023-04-01 12:56:29 -0400
Processing by WelcomeController#index as HTML
  Rendering layout layouts/application.html.erb
  Rendering welcome/index.html.erb within layouts/application
  Rendered welcome/index.html.erb within layouts/application (Duration: 0.3ms | Allocations: 92)
  Rendered layout layouts/application.html.erb (Duration: 4.0ms | Allocations: 2345)
Completed 200 OK in 5ms (Views: 4.5ms | ActiveRecord: 0.0ms | Allocations: 2599)


Started GET "/" for 127.0.0.1 at 2023-04-01 12:56:52 -0400
Processing by WelcomeController#index as HTML
  Rendering layout layouts/application.html.erb
  Rendering welcome/index.html.erb within layouts/application
  Rendered welcome/index.html.erb within layouts/application (Duration: 0.8ms | Allocations: 230)
  Rendered layout layouts/application.html.erb (Duration: 5.9ms | Allocations: 2762)
Completed 200 OK in 10ms (Views: 8.3ms | ActiveRecord: 0.0ms | Allocations: 3482)


Started GET "/articles" for 127.0.0.1 at 2023-04-01 12:56:53 -0400
Processing by ArticlesController#index as HTML
  Rendering layout layouts/application.html.erb
  Rendering articles/index.html.erb within layouts/application
  [1m[36mArticle Load (0.1ms)[0m  [1m[34mSELECT "articles".* FROM "articles"[0m
  ↳ app/views/articles/index.html.erb:9
  Rendered articles/index.html.erb within layouts/application (Duration: 1.8ms | Allocations: 890)
  Rendered layout layouts/application.html.erb (Duration: 5.1ms | Allocations: 3222)
Completed 200 OK in 7ms (Views: 6.3ms | ActiveRecord: 0.1ms | Allocations: 3780)


Started GET "/articles/1" for 127.0.0.1 at 2023-04-01 12:56:57 -0400
Processing by ArticlesController#show as HTML
  Parameters: {"id"=>"1"}
  [1m[36mArticle Load (0.2ms)[0m  [1m[34mSELECT "articles".* FROM "articles" WHERE "articles"."id" = ? LIMIT ?[0m  [["id", 1], ["LIMIT", 1]]
  ↳ app/controllers/articles_controller.rb:7:in `show'
  Rendering layout layouts/application.html.erb
  Rendering articles/show.html.erb within layouts/application
  Rendered articles/show.html.erb within layouts/application (Duration: 0.4ms | Allocations: 149)
  Rendered layout layouts/application.html.erb (Duration: 3.5ms | Allocations: 2398)
Completed 200 OK in 6ms (Views: 3.9ms | ActiveRecord: 0.2ms | Allocations: 3226)


Started GET "/articles" for 127.0.0.1 at 2023-04-01 12:58:18 -0400
Processing by ArticlesController#index as HTML
  Rendering layout layouts/application.html.erb
  Rendering articles/index.html.erb within layouts/application
  [1m[36mArticle Load (0.2ms)[0m  [1m[34mSELECT "articles".* FROM "articles"[0m
  ↳ app/views/articles/index.html.erb:9
  Rendered articles/index.html.erb within layouts/application (Duration: 2.4ms | Allocations: 896)
  Rendered layout layouts/application.html.erb (Duration: 6.2ms | Allocations: 3410)
Completed 200 OK in 10ms (Views: 8.4ms | ActiveRecord: 0.2ms | Allocations: 4149)


Started GET "/" for 127.0.0.1 at 2023-04-01 12:58:19 -0400
Processing by WelcomeController#index as HTML
  Rendering layout layouts/application.html.erb
  Rendering welcome/index.html.erb within layouts/application
  Rendered welcome/index.html.erb within layouts/application (Duration: 1.3ms | Allocations: 284)
  Rendered layout layouts/application.html.erb (Duration: 5.9ms | Allocations: 2625)
Completed 200 OK in 9ms (Views: 7.7ms | ActiveRecord: 0.0ms | Allocations: 3168)


Started GET "/articles/new" for 127.0.0.1 at 2023-04-01 12:58:21 -0400
Processing by ArticlesController#new as HTML
  Rendering layout layouts/application.html.erb
  Rendering articles/new.html.erb within layouts/application
  Rendered articles/new.html.erb within layouts/application (Duration: 2.0ms | Allocations: 1040)
  Rendered layout layouts/application.html.erb (Duration: 4.5ms | Allocations: 3135)
Completed 200 OK in 6ms (Views: 4.9ms | ActiveRecord: 0.0ms | Allocations: 3448)


Started GET "/articles" for 127.0.0.1 at 2023-04-01 12:58:24 -0400
Processing by ArticlesController#index as HTML
  Rendering layout layouts/application.html.erb
  Rendering articles/index.html.erb within layouts/application
  [1m[36mArticle Load (0.1ms)[0m  [1m[34mSELECT "articles".* FROM "articles"[0m
  ↳ app/views/articles/index.html.erb:9
  Rendered articles/index.html.erb within layouts/application (Duration: 1.6ms | Allocations: 668)
  Rendered layout layouts/application.html.erb (Duration: 6.2ms | Allocations: 2912)
Completed 200 OK in 8ms (Views: 6.8ms | ActiveRecord: 0.1ms | Allocations: 3181)


Started GET "/" for 127.0.0.1 at 2023-04-01 12:58:51 -0400
Processing by WelcomeController#index as HTML
  Rendering layout layouts/application.html.erb
  Rendering welcome/index.html.erb within layouts/application
  Rendered welcome/index.html.erb within layouts/application (Duration: 0.4ms | Allocations: 282)
  Rendered layout layouts/application.html.erb (Duration: 2.3ms | Allocations: 2802)
Completed 200 OK in 4ms (Views: 3.2ms | ActiveRecord: 0.0ms | Allocations: 3523)


Started GET "/articles/new" for 127.0.0.1 at 2023-04-01 12:58:53 -0400
Processing by ArticlesController#new as HTML
  Rendering layout layouts/application.html.erb
  Rendering articles/new.html.erb within layouts/application
  Rendered articles/new.html.erb within layouts/application (Duration: 1.9ms | Allocations: 1072)
  Rendered layout layouts/application.html.erb (Duration: 4.7ms | Allocations: 3238)
Completed 200 OK in 8ms (Views: 6.4ms | ActiveRecord: 0.0ms | Allocations: 3783)


Started GET "/welcome/index" for 127.0.0.1 at 2023-04-01 12:58:54 -0400
Processing by WelcomeController#index as HTML
  Rendering layout layouts/application.html.erb
  Rendering welcome/index.html.erb within layouts/application
  Rendered welcome/index.html.erb within layouts/application (Duration: 0.4ms | Allocations: 119)
  Rendered layout layouts/application.html.erb (Duration: 4.1ms | Allocations: 2363)
Completed 200 OK in 6ms (Views: 4.7ms | ActiveRecord: 0.0ms | Allocations: 2621)


  [1m[36mArticle Load (0.3ms)[0m  [1m[34mSELECT "articles".* FROM "articles"[0m
Started GET "/" for 127.0.0.1 at 2023-04-12 19:51:23 -0400
  [1m[36mActiveRecord::SchemaMigration Pluck (0.1ms)[0m  [1m[34mSELECT "schema_migrations"."version" FROM "schema_migrations" ORDER BY "schema_migrations"."version" ASC[0m
Processing by WelcomeController#index as HTML
  Rendering layout layouts/application.html.erb
  Rendering welcome/index.html.erb within layouts/application
  Rendered welcome/index.html.erb within layouts/application (Duration: 0.9ms | Allocations: 1063)
  Rendered layout layouts/application.html.erb (Duration: 18.1ms | Allocations: 34861)
Completed 200 OK in 22ms (Views: 19.4ms | ActiveRecord: 0.0ms | Allocations: 38011)


Started GET "/" for 127.0.0.1 at 2023-04-12 19:51:26 -0400
Processing by WelcomeController#index as HTML
  Rendering layout layouts/application.html.erb
  Rendering welcome/index.html.erb within layouts/application
  Rendered welcome/index.html.erb within layouts/application (Duration: 0.2ms | Allocations: 119)
  Rendered layout layouts/application.html.erb (Duration: 3.0ms | Allocations: 2427)
Completed 200 OK in 4ms (Views: 3.3ms | ActiveRecord: 0.0ms | Allocations: 2685)


Started GET "/articles/new" for 127.0.0.1 at 2023-04-12 19:51:29 -0400
Processing by ArticlesController#new as HTML
  Rendering layout layouts/application.html.erb
  Rendering articles/new.html.erb within layouts/application
  Rendered articles/new.html.erb within layouts/application (Duration: 7.1ms | Allocations: 2789)
  Rendered layout layouts/application.html.erb (Duration: 9.6ms | Allocations: 4960)
Completed 200 OK in 22ms (Views: 11.2ms | ActiveRecord: 0.5ms | Allocations: 10429)


Started POST "/articles" for 127.0.0.1 at 2023-04-12 19:52:39 -0400
Processing by ArticlesController#create as TURBO_STREAM
  Parameters: {"authenticity_token"=>"[FILTERED]", "article"=>{"title"=>"Hi", "text"=>"hello"}, "commit"=>"Save Article"}
  [1m[36mTRANSACTION (0.1ms)[0m  [1m[36mbegin transaction[0m
  ↳ app/controllers/articles_controller.rb:21:in `create'
  [1m[36mArticle Create (1.2ms)[0m  [1m[32mINSERT INTO "articles" ("title", "text", "created_at", "updated_at") VALUES (?, ?, ?, ?)[0m  [["title", "Hi"], ["text", "hello"], ["created_at", "2023-04-12 23:52:39.082004"], ["updated_at", "2023-04-12 23:52:39.082004"]]
  ↳ app/controllers/articles_controller.rb:21:in `create'
  [1m[36mTRANSACTION (0.5ms)[0m  [1m[36mcommit transaction[0m
  ↳ app/controllers/articles_controller.rb:21:in `create'
Redirected to http://0.0.0.0:3000/articles/3
Completed 302 Found in 6ms (ActiveRecord: 1.8ms | Allocations: 3630)


Started GET "/articles/3" for 127.0.0.1 at 2023-04-12 19:52:39 -0400
Processing by ArticlesController#show as TURBO_STREAM
  Parameters: {"id"=>"3"}
  [1m[36mArticle Load (0.1ms)[0m  [1m[34mSELECT "articles".* FROM "articles" WHERE "articles"."id" = ? LIMIT ?[0m  [["id", 3], ["LIMIT", 1]]
  ↳ app/controllers/articles_controller.rb:7:in `show'
  Rendering layout layouts/application.html.erb
  Rendering articles/show.html.erb within layouts/application
  Rendered articles/show.html.erb within layouts/application (Duration: 0.5ms | Allocations: 207)
  Rendered layout layouts/application.html.erb (Duration: 2.6ms | Allocations: 2453)
Completed 200 OK in 6ms (Views: 3.0ms | ActiveRecord: 0.1ms | Allocations: 5102)


Started GET "/articles" for 127.0.0.1 at 2023-04-12 19:52:44 -0400
Processing by ArticlesController#index as HTML
  Rendering layout layouts/application.html.erb
  Rendering articles/index.html.erb within layouts/application
  [1m[36mArticle Load (0.3ms)[0m  [1m[34mSELECT "articles".* FROM "articles"[0m
  ↳ app/views/articles/index.html.erb:9
  Rendered articles/index.html.erb within layouts/application (Duration: 3.3ms | Allocations: 985)
  Rendered layout layouts/application.html.erb (Duration: 7.2ms | Allocations: 3239)
Completed 200 OK in 9ms (Views: 7.7ms | ActiveRecord: 0.3ms | Allocations: 3572)


Started GET "/new" for 127.0.0.1 at 2023-04-12 19:52:47 -0400
  
ActionController::RoutingError (No route matches [GET] "/new"):
  
Started GET "/articles" for 127.0.0.1 at 2023-04-12 19:52:50 -0400
Processing by ArticlesController#index as HTML
  Rendering layout layouts/application.html.erb
  Rendering articles/index.html.erb within layouts/application
  [1m[36mArticle Load (0.2ms)[0m  [1m[34mSELECT "articles".* FROM "articles"[0m
  ↳ app/views/articles/index.html.erb:9
  Rendered articles/index.html.erb within layouts/application (Duration: 2.7ms | Allocations: 714)
  Rendered layout layouts/application.html.erb (Duration: 7.0ms | Allocations: 2980)
Completed 200 OK in 8ms (Views: 7.4ms | ActiveRecord: 0.2ms | Allocations: 3247)


Started GET "/articles/3" for 127.0.0.1 at 2023-04-12 19:52:53 -0400
Processing by ArticlesController#show as HTML
  Parameters: {"id"=>"3"}
  [1m[36mArticle Load (0.2ms)[0m  [1m[34mSELECT "articles".* FROM "articles" WHERE "articles"."id" = ? LIMIT ?[0m  [["id", 3], ["LIMIT", 1]]
  ↳ app/controllers/articles_controller.rb:7:in `show'
  Rendering layout layouts/application.html.erb
  Rendering articles/show.html.erb within layouts/application
  Rendered articles/show.html.erb within layouts/application (Duration: 0.3ms | Allocations: 48)
  Rendered layout layouts/application.html.erb (Duration: 4.7ms | Allocations: 2296)
Completed 200 OK in 8ms (Views: 5.3ms | ActiveRecord: 0.2ms | Allocations: 3043)


Started GET "/articles" for 127.0.0.1 at 2023-04-12 19:52:54 -0400
Processing by ArticlesController#index as HTML
  Rendering layout layouts/application.html.erb
  Rendering articles/index.html.erb within layouts/application
  [1m[36mArticle Load (0.2ms)[0m  [1m[34mSELECT "articles".* FROM "articles"[0m
  ↳ app/views/articles/index.html.erb:9
  Rendered articles/index.html.erb within layouts/application (Duration: 2.4ms | Allocations: 713)
  Rendered layout layouts/application.html.erb (Duration: 7.0ms | Allocations: 2978)
Completed 200 OK in 8ms (Views: 7.4ms | ActiveRecord: 0.2ms | Allocations: 3245)


Started GET "/articles" for 127.0.0.1 at 2023-04-12 20:11:28 -0400
Processing by ArticlesController#index as HTML
  Rendering layout layouts/application.html.erb
  Rendering articles/index.html.erb within layouts/application
  [1m[36mArticle Load (0.2ms)[0m  [1m[34mSELECT "articles".* FROM "articles"[0m
  ↳ app/views/articles/index.html.erb:9
  Rendered articles/index.html.erb within layouts/application (Duration: 1.7ms | Allocations: 2317)
  Rendered layout layouts/application.html.erb (Duration: 7.7ms | Allocations: 15643)
Completed 200 OK in 10ms (Views: 8.8ms | ActiveRecord: 0.4ms | Allocations: 17211)


Started GET "/articles/3" for 127.0.0.1 at 2023-04-12 20:11:30 -0400
Processing by ArticlesController#show as HTML
  Parameters: {"id"=>"3"}
  [1m[36mArticle Load (0.3ms)[0m  [1m[34mSELECT "articles".* FROM "articles" WHERE "articles"."id" = ? LIMIT ?[0m  [["id", 3], ["LIMIT", 1]]
  ↳ app/controllers/articles_controller.rb:7:in `show'
  Rendering layout layouts/application.html.erb
  Rendering articles/show.html.erb within layouts/application
  Rendered articles/show.html.erb within layouts/application (Duration: 1.0ms | Allocations: 200)
  Rendered layout layouts/application.html.erb (Duration: 4.9ms | Allocations: 2442)
Completed 200 OK in 9ms (Views: 5.6ms | ActiveRecord: 0.3ms | Allocations: 3846)


Started GET "/articles" for 127.0.0.1 at 2023-04-12 20:11:31 -0400
Processing by ArticlesController#index as HTML
  Rendering layout layouts/application.html.erb
  Rendering articles/index.html.erb within layouts/application
  [1m[36mArticle Load (0.2ms)[0m  [1m[34mSELECT "articles".* FROM "articles"[0m
  ↳ app/views/articles/index.html.erb:9
  Rendered articles/index.html.erb within layouts/application (Duration: 1.8ms | Allocations: 713)
  Rendered layout layouts/application.html.erb (Duration: 6.0ms | Allocations: 2972)
Completed 200 OK in 8ms (Views: 6.6ms | ActiveRecord: 0.2ms | Allocations: 3240)


Started GET "/articles/new" for 127.0.0.1 at 2023-04-12 20:11:34 -0400
Processing by ArticlesController#new as HTML
  Rendering layout layouts/application.html.erb
  Rendering articles/new.html.erb within layouts/application
  Rendered articles/new.html.erb within layouts/application (Duration: 3.0ms | Allocations: 1619)
  Rendered layout layouts/application.html.erb (Duration: 7.8ms | Allocations: 3714)
Completed 200 OK in 10ms (Views: 8.4ms | ActiveRecord: 0.0ms | Allocations: 4052)


Started POST "/articles" for 127.0.0.1 at 2023-04-12 20:11:40 -0400
Processing by ArticlesController#create as TURBO_STREAM
  Parameters: {"authenticity_token"=>"[FILTERED]", "article"=>{"title"=>"HI", "body"=>"whoa"}, "commit"=>"Create Article"}
[31mUnpermitted parameter: :body. Context: { controller: ArticlesController, action: create, request: #<ActionDispatch::Request:0x0000000107ff2c80>, params: {"authenticity_token"=>"[FILTERED]", "article"=>{"title"=>"HI", "body"=>"whoa"}, "commit"=>"Create Article", "controller"=>"articles", "action"=>"create"} }[0m
Completed 500 Internal Server Error in 2ms (ActiveRecord: 0.0ms | Allocations: 1231)


  
NoMethodError (undefined method `body' for #<Article id: nil, title: "HI", text: nil, created_at: nil, updated_at: nil>):
  
app/controllers/articles_controller.rb:22:in `create'
Started GET "/articles/new" for 127.0.0.1 at 2023-04-12 20:14:52 -0400
Processing by ArticlesController#new as HTML
  Rendering layout layouts/application.html.erb
  Rendering articles/new.html.erb within layouts/application
  Rendered articles/new.html.erb within layouts/application (Duration: 0.7ms | Allocations: 1225)
  Rendered layout layouts/application.html.erb (Duration: 5.3ms | Allocations: 14176)
Completed 200 OK in 8ms (Views: 5.7ms | ActiveRecord: 0.3ms | Allocations: 17006)


Started GET "/articles/new" for 127.0.0.1 at 2023-04-12 20:15:14 -0400
Processing by ArticlesController#new as HTML
  Rendering layout layouts/application.html.erb
  Rendering articles/new.html.erb within layouts/application
  Rendered articles/new.html.erb within layouts/application (Duration: 0.7ms | Allocations: 1223)
  Rendered layout layouts/application.html.erb (Duration: 4.4ms | Allocations: 14011)
Completed 200 OK in 7ms (Views: 4.8ms | ActiveRecord: 0.2ms | Allocations: 16776)


Started POST "/articles" for 127.0.0.1 at 2023-04-12 20:15:19 -0400
Processing by ArticlesController#create as TURBO_STREAM
  Parameters: {"authenticity_token"=>"[FILTERED]", "article"=>{"title"=>"Hello", "body"=>"Woah"}, "commit"=>"Create Article"}
Completed 500 Internal Server Error in 3ms (ActiveRecord: 0.0ms | Allocations: 820)


  
ActiveModel::UnknownAttributeError (unknown attribute 'body' for Article.):
  
app/controllers/articles_controller.rb:22:in `create'
Started GET "/articles/new" for 127.0.0.1 at 2023-04-12 20:16:20 -0400
Processing by ArticlesController#new as HTML
  Rendering layout layouts/application.html.erb
  Rendering articles/new.html.erb within layouts/application
  Rendered articles/new.html.erb within layouts/application (Duration: 4.9ms | Allocations: 1400)
  Rendered layout layouts/application.html.erb (Duration: 10.6ms | Allocations: 3785)
Completed 200 OK in 14ms (Views: 12.7ms | ActiveRecord: 0.0ms | Allocations: 4522)


Started GET "/welcome/index" for 127.0.0.1 at 2023-04-12 20:16:22 -0400
Processing by WelcomeController#index as HTML
  Rendering layout layouts/application.html.erb
  Rendering welcome/index.html.erb within layouts/application
  Rendered welcome/index.html.erb within layouts/application (Duration: 1.3ms | Allocations: 714)
  Rendered layout layouts/application.html.erb (Duration: 3.9ms | Allocations: 3047)
Completed 200 OK in 6ms (Views: 5.1ms | ActiveRecord: 0.0ms | Allocations: 3667)


Started GET "/articles" for 127.0.0.1 at 2023-04-12 20:16:23 -0400
Processing by ArticlesController#index as HTML
  Rendering layout layouts/application.html.erb
  Rendering articles/index.html.erb within layouts/application
  [1m[36mArticle Load (0.5ms)[0m  [1m[34mSELECT "articles".* FROM "articles"[0m
  ↳ app/views/articles/index.html.erb:9
  Rendered articles/index.html.erb within layouts/application (Duration: 4.1ms | Allocations: 1973)
  Rendered layout layouts/application.html.erb (Duration: 4.3ms | Allocations: 2060)
Completed 500 Internal Server Error in 7ms (ActiveRecord: 0.5ms | Allocations: 2402)


  
ActionView::Template::Error (undefined method `body' for #<Article id: 1, title: "hello", text: "bye", created_at: "2023-04-01 16:43:39.405253000 +0000", updated_at: "2023-04-01 16:43:39.405253000 +0000">):
     9:   <% @articles.each do |article| %>
    10:     <tr>
    11:       <td><%= article.title %></td>
    12:       <td><%= article.body %></td>
    13:       <td><%= link_to 'See Full Article', article_path(article) %></td>
    14:     </tr>
    15:   <% end %>
  
app/views/articles/index.html.erb:12
app/views/articles/index.html.erb:9
  [1m[36mActiveRecord::SchemaMigration Pluck (0.0ms)[0m  [1m[34mSELECT "schema_migrations"."version" FROM "schema_migrations" ORDER BY "schema_migrations"."version" ASC[0m
Migrating to ChangeTextColumn (20230413002042)
  [1m[36mTRANSACTION (0.0ms)[0m  [1m[36mbegin transaction[0m
  [1m[35m (0.0ms)[0m  [1m[35mPRAGMA foreign_keys[0m
  [1m[35m (0.0ms)[0m  [1m[35mPRAGMA defer_foreign_keys[0m
  [1m[35m (0.0ms)[0m  [1m[35mPRAGMA defer_foreign_keys = ON[0m
  [1m[35m (0.0ms)[0m  [1m[35mPRAGMA foreign_keys = OFF[0m
  [1m[35m (0.3ms)[0m  [1m[35mCREATE TEMPORARY TABLE "aarticles" ("id" integer NOT NULL PRIMARY KEY, "title" varchar DEFAULT NULL, "body" text DEFAULT NULL, "created_at" datetime(6) NOT NULL, "updated_at" datetime(6) NOT NULL)[0m
  [1m[35m (0.2ms)[0m  [1m[32mINSERT INTO "aarticles" ("id","title","body","created_at","updated_at")
                     SELECT "id","title","text","created_at","updated_at" FROM "articles"[0m
  [1m[35m (0.1ms)[0m  [1m[35mDROP TABLE "articles"[0m
  [1m[35m (0.0ms)[0m  [1m[35mCREATE TABLE "articles" ("id" integer NOT NULL PRIMARY KEY, "title" varchar DEFAULT NULL, "body" text DEFAULT NULL, "created_at" datetime(6) NOT NULL, "updated_at" datetime(6) NOT NULL)[0m
  [1m[35m (0.0ms)[0m  [1m[32mINSERT INTO "articles" ("id","title","body","created_at","updated_at")
                     SELECT "id","title","body","created_at","updated_at" FROM "aarticles"[0m
  [1m[35m (0.0ms)[0m  [1m[35mDROP TABLE "aarticles"[0m
  [1m[35m (0.0ms)[0m  [1m[35mPRAGMA defer_foreign_keys = 0[0m
  [1m[35m (0.0ms)[0m  [1m[35mPRAGMA foreign_keys = 1[0m
  [1m[36mActiveRecord::SchemaMigration Create (0.0ms)[0m  [1m[32mINSERT INTO "schema_migrations" ("version") VALUES (?)[0m  [["version", "20230413002042"]]
  [1m[36mTRANSACTION (0.2ms)[0m  [1m[36mcommit transaction[0m
  [1m[36mActiveRecord::InternalMetadata Load (0.0ms)[0m  [1m[34mSELECT "ar_internal_metadata".* FROM "ar_internal_metadata" WHERE "ar_internal_metadata"."key" = ? LIMIT ?[0m  [["key", "environment"], ["LIMIT", 1]]
  [1m[36mActiveRecord::SchemaMigration Pluck (0.0ms)[0m  [1m[34mSELECT "schema_migrations"."version" FROM "schema_migrations" ORDER BY "schema_migrations"."version" ASC[0m
Started GET "/" for 127.0.0.1 at 2023-04-12 20:22:04 -0400
  [1m[36mActiveRecord::SchemaMigration Pluck (0.0ms)[0m  [1m[34mSELECT "schema_migrations"."version" FROM "schema_migrations" ORDER BY "schema_migrations"."version" ASC[0m
Processing by WelcomeController#index as HTML
  Rendering layout layouts/application.html.erb
  Rendering welcome/index.html.erb within layouts/application
  Rendered welcome/index.html.erb within layouts/application (Duration: 0.2ms | Allocations: 592)
  Rendered layout layouts/application.html.erb (Duration: 5.3ms | Allocations: 13716)
Completed 200 OK in 6ms (Views: 5.6ms | ActiveRecord: 0.0ms | Allocations: 14236)


Started GET "/articles" for 127.0.0.1 at 2023-04-12 20:22:06 -0400
Processing by ArticlesController#index as HTML
  Rendering layout layouts/application.html.erb
  Rendering articles/index.html.erb within layouts/application
  [1m[36mArticle Load (0.2ms)[0m  [1m[34mSELECT "articles".* FROM "articles"[0m
  ↳ app/views/articles/index.html.erb:9
  Rendered articles/index.html.erb within layouts/application (Duration: 3.0ms | Allocations: 2040)
  Rendered layout layouts/application.html.erb (Duration: 6.2ms | Allocations: 4392)
Completed 200 OK in 13ms (Views: 8.5ms | ActiveRecord: 0.2ms | Allocations: 5607)


Started GET "/articles/3" for 127.0.0.1 at 2023-04-12 20:22:07 -0400
Processing by ArticlesController#show as HTML
  Parameters: {"id"=>"3"}
  [1m[36mArticle Load (0.2ms)[0m  [1m[34mSELECT "articles".* FROM "articles" WHERE "articles"."id" = ? LIMIT ?[0m  [["id", 3], ["LIMIT", 1]]
  ↳ app/controllers/articles_controller.rb:7:in `show'
  Rendering layout layouts/application.html.erb
  Rendering articles/show.html.erb within layouts/application
  Rendered articles/show.html.erb within layouts/application (Duration: 1.6ms | Allocations: 1095)
  Rendered layout layouts/application.html.erb (Duration: 1.7ms | Allocations: 1182)
Completed 500 Internal Server Error in 6ms (ActiveRecord: 0.2ms | Allocations: 2566)


  
ActionView::Template::Error (missing attribute: text):
     5: 
     6: <p>
     7:   <strong>Text:</strong>
     8:   <%= @article.text %>
     9: </p>
    10: 
    11: <%= link_to 'Back', articles_path %>
  
app/views/articles/show.html.erb:8
Started GET "/articles/3" for 127.0.0.1 at 2023-04-12 20:22:51 -0400
Processing by ArticlesController#show as HTML
  Parameters: {"id"=>"3"}
  [1m[36mArticle Load (0.1ms)[0m  [1m[34mSELECT "articles".* FROM "articles" WHERE "articles"."id" = ? LIMIT ?[0m  [["id", 3], ["LIMIT", 1]]
  ↳ app/controllers/articles_controller.rb:7:in `show'
  Rendering layout layouts/application.html.erb
  Rendering articles/show.html.erb within layouts/application
  Rendered articles/show.html.erb within layouts/application (Duration: 1.1ms | Allocations: 229)
  Rendered layout layouts/application.html.erb (Duration: 5.4ms | Allocations: 2766)
Completed 200 OK in 10ms (Views: 7.1ms | ActiveRecord: 0.1ms | Allocations: 3980)


Started GET "/articles" for 127.0.0.1 at 2023-04-12 20:22:53 -0400
Processing by ArticlesController#index as HTML
  Rendering layout layouts/application.html.erb
  Rendering articles/index.html.erb within layouts/application
  [1m[36mArticle Load (0.2ms)[0m  [1m[34mSELECT "articles".* FROM "articles"[0m
  ↳ app/views/articles/index.html.erb:9
  Rendered articles/index.html.erb within layouts/application (Duration: 3.2ms | Allocations: 940)
  Rendered layout layouts/application.html.erb (Duration: 7.5ms | Allocations: 3202)
Completed 200 OK in 9ms (Views: 8.0ms | ActiveRecord: 0.2ms | Allocations: 3525)


Started GET "/articles/new" for 127.0.0.1 at 2023-04-12 20:22:58 -0400
Processing by ArticlesController#new as HTML
  Rendering layout layouts/application.html.erb
  Rendering articles/new.html.erb within layouts/application
  Rendered articles/new.html.erb within layouts/application (Duration: 2.6ms | Allocations: 1491)
  Rendered layout layouts/application.html.erb (Duration: 6.9ms | Allocations: 3605)
Completed 200 OK in 8ms (Views: 7.3ms | ActiveRecord: 0.0ms | Allocations: 3939)


Started POST "/articles" for 127.0.0.1 at 2023-04-12 20:23:03 -0400
Processing by ArticlesController#create as TURBO_STREAM
  Parameters: {"authenticity_token"=>"[FILTERED]", "article"=>{"title"=>"Hi", "body"=>"Woah"}, "commit"=>"Create Article"}
Completed 500 Internal Server Error in 2ms (ActiveRecord: 0.0ms | Allocations: 816)


  
ActiveModel::UnknownAttributeError (unknown attribute 'body' for Article.):
  
app/controllers/articles_controller.rb:22:in `create'
Started GET "/articles/new" for 127.0.0.1 at 2023-04-12 20:24:07 -0400
  [1m[36mActiveRecord::SchemaMigration Pluck (0.0ms)[0m  [1m[34mSELECT "schema_migrations"."version" FROM "schema_migrations" ORDER BY "schema_migrations"."version" ASC[0m
Processing by ArticlesController#new as HTML
  Rendering layout layouts/application.html.erb
  Rendering articles/new.html.erb within layouts/application
  Rendered articles/new.html.erb within layouts/application (Duration: 4.3ms | Allocations: 3519)
  Rendered layout layouts/application.html.erb (Duration: 18.7ms | Allocations: 37060)
Completed 200 OK in 25ms (Views: 19.8ms | ActiveRecord: 0.1ms | Allocations: 45236)


Started GET "/" for 127.0.0.1 at 2023-04-12 20:24:08 -0400
Processing by WelcomeController#index as HTML
  Rendering layout layouts/application.html.erb
  Rendering welcome/index.html.erb within layouts/application
  Rendered welcome/index.html.erb within layouts/application (Duration: 0.9ms | Allocations: 728)
  Rendered layout layouts/application.html.erb (Duration: 2.9ms | Allocations: 3061)
Completed 200 OK in 5ms (Views: 4.1ms | ActiveRecord: 0.0ms | Allocations: 3687)


Started GET "/articles/new" for 127.0.0.1 at 2023-04-12 20:24:10 -0400
Processing by ArticlesController#new as HTML
  Rendering layout layouts/application.html.erb
  Rendering articles/new.html.erb within layouts/application
  Rendered articles/new.html.erb within layouts/application (Duration: 3.0ms | Allocations: 991)
  Rendered layout layouts/application.html.erb (Duration: 7.0ms | Allocations: 3087)
Completed 200 OK in 9ms (Views: 7.8ms | ActiveRecord: 0.0ms | Allocations: 3365)


Started POST "/articles" for 127.0.0.1 at 2023-04-12 20:24:14 -0400
Processing by ArticlesController#create as TURBO_STREAM
  Parameters: {"authenticity_token"=>"[FILTERED]", "article"=>{"title"=>"Hi", "body"=>"Woah"}, "commit"=>"Create Article"}
  Rendering layout layouts/application.html.erb
  Rendering articles/new.html.erb within layouts/application
  Rendered articles/new.html.erb within layouts/application (Duration: 2.7ms | Allocations: 1922)
  Rendered layout layouts/application.html.erb (Duration: 5.8ms | Allocations: 4010)
Redirected to 
Completed 500 Internal Server Error in 9ms (Views: 6.4ms | ActiveRecord: 0.0ms | Allocations: 5838)


  
AbstractController::DoubleRenderError (Render and/or redirect were called multiple times in this action. Please note that you may only call render OR redirect, and at most once per action. Also note that neither redirect nor render terminate execution of the action, so if you want to exit an action after redirecting, you need to do something like "redirect_to(...) and return".):
  
app/controllers/articles_controller.rb:31:in `create'
Started GET "/articles/new" for 127.0.0.1 at 2023-04-12 20:24:47 -0400
Processing by ArticlesController#new as HTML
  Rendering layout layouts/application.html.erb
  Rendering articles/new.html.erb within layouts/application
  Rendered articles/new.html.erb within layouts/application (Duration: 1.0ms | Allocations: 1110)
  Rendered layout layouts/application.html.erb (Duration: 5.1ms | Allocations: 14063)
Completed 200 OK in 8ms (Views: 5.4ms | ActiveRecord: 0.6ms | Allocations: 16928)


Started POST "/articles" for 127.0.0.1 at 2023-04-12 20:24:52 -0400
Processing by ArticlesController#create as TURBO_STREAM
  Parameters: {"authenticity_token"=>"[FILTERED]", "article"=>{"title"=>"Hi", "body"=>"Woah"}, "commit"=>"Create Article"}
  Rendering layout layouts/application.html.erb
  Rendering articles/new.html.erb within layouts/application
  Rendered articles/new.html.erb within layouts/application (Duration: 3.3ms | Allocations: 1832)
  Rendered layout layouts/application.html.erb (Duration: 6.1ms | Allocations: 3919)
Completed 422 Unprocessable Entity in 10ms (Views: 6.8ms | ActiveRecord: 0.0ms | Allocations: 5057)


Started POST "/articles" for 127.0.0.1 at 2023-04-12 20:24:57 -0400
Processing by ArticlesController#create as TURBO_STREAM
  Parameters: {"authenticity_token"=>"[FILTERED]", "article"=>{"title"=>"Hi", "body"=>"Woah this is cool."}, "commit"=>"Create Article"}
  [1m[36mTRANSACTION (0.1ms)[0m  [1m[36mbegin transaction[0m
  ↳ app/controllers/articles_controller.rb:24:in `create'
  [1m[36mArticle Create (0.9ms)[0m  [1m[32mINSERT INTO "articles" ("title", "body", "created_at", "updated_at") VALUES (?, ?, ?, ?)[0m  [["title", "Hi"], ["body", "Woah this is cool."], ["created_at", "2023-04-13 00:24:57.119354"], ["updated_at", "2023-04-13 00:24:57.119354"]]
  ↳ app/controllers/articles_controller.rb:24:in `create'
  [1m[36mTRANSACTION (1.0ms)[0m  [1m[36mcommit transaction[0m
  ↳ app/controllers/articles_controller.rb:24:in `create'
Redirected to http://0.0.0.0:3000/articles/4
Completed 302 Found in 9ms (ActiveRecord: 2.0ms | Allocations: 3399)


Started GET "/articles/4" for 127.0.0.1 at 2023-04-12 20:24:57 -0400
Processing by ArticlesController#show as TURBO_STREAM
  Parameters: {"id"=>"4"}
  [1m[36mArticle Load (0.2ms)[0m  [1m[34mSELECT "articles".* FROM "articles" WHERE "articles"."id" = ? LIMIT ?[0m  [["id", 4], ["LIMIT", 1]]
  ↳ app/controllers/articles_controller.rb:7:in `show'
  Rendering layout layouts/application.html.erb
  Rendering articles/show.html.erb within layouts/application
  Rendered articles/show.html.erb within layouts/application (Duration: 0.7ms | Allocations: 212)
  Rendered layout layouts/application.html.erb (Duration: 3.8ms | Allocations: 2436)
Completed 200 OK in 8ms (Views: 4.3ms | ActiveRecord: 0.2ms | Allocations: 5036)


Started GET "/articles" for 127.0.0.1 at 2023-04-12 20:24:58 -0400
Processing by ArticlesController#index as HTML
  Rendering layout layouts/application.html.erb
  Rendering articles/index.html.erb within layouts/application
  [1m[36mArticle Load (0.3ms)[0m  [1m[34mSELECT "articles".* FROM "articles"[0m
  ↳ app/views/articles/index.html.erb:9
  Rendered articles/index.html.erb within layouts/application (Duration: 3.3ms | Allocations: 1029)
  Rendered layout layouts/application.html.erb (Duration: 7.4ms | Allocations: 3267)
Completed 200 OK in 10ms (Views: 8.2ms | ActiveRecord: 0.3ms | Allocations: 3594)


Started GET "/" for 127.0.0.1 at 2023-04-16 10:54:27 -0400
  [1m[36mActiveRecord::SchemaMigration Pluck (0.1ms)[0m  [1m[34mSELECT "schema_migrations"."version" FROM "schema_migrations" ORDER BY "schema_migrations"."version" ASC[0m
Processing by WelcomeController#index as HTML
  Rendering layout layouts/application.html.erb
  Rendering welcome/index.html.erb within layouts/application
  Rendered welcome/index.html.erb within layouts/application (Duration: 0.8ms | Allocations: 1063)
  Rendered layout layouts/application.html.erb (Duration: 23.9ms | Allocations: 34960)
Completed 200 OK in 28ms (Views: 25.7ms | ActiveRecord: 0.0ms | Allocations: 38110)


Started GET "/" for 127.0.0.1 at 2023-04-16 10:54:29 -0400
Processing by WelcomeController#index as HTML
  Rendering layout layouts/application.html.erb
  Rendering welcome/index.html.erb within layouts/application
  Rendered welcome/index.html.erb within layouts/application (Duration: 0.3ms | Allocations: 119)
  Rendered layout layouts/application.html.erb (Duration: 4.6ms | Allocations: 2409)
Completed 200 OK in 6ms (Views: 5.1ms | ActiveRecord: 0.0ms | Allocations: 2667)


Started GET "/articles/new" for 127.0.0.1 at 2023-04-16 10:54:30 -0400
Processing by ArticlesController#new as HTML
  Rendering layout layouts/application.html.erb
  Rendering articles/new.html.erb within layouts/application
  Rendered articles/_form.html.erb (Duration: 6.6ms | Allocations: 2947)
  Rendered articles/new.html.erb within layouts/application (Duration: 7.6ms | Allocations: 3457)
  Rendered layout layouts/application.html.erb (Duration: 10.0ms | Allocations: 5628)
Completed 200 OK in 22ms (Views: 11.4ms | ActiveRecord: 0.7ms | Allocations: 11292)


Started POST "/articles" for 127.0.0.1 at 2023-04-16 10:54:40 -0400
Processing by ArticlesController#create as TURBO_STREAM
  Parameters: {"authenticity_token"=>"[FILTERED]", "article"=>{"title"=>"Hello", "body"=>"This is made with partial."}, "commit"=>"Create Article"}
  [1m[36mTRANSACTION (0.1ms)[0m  [1m[36mbegin transaction[0m
  ↳ app/controllers/articles_controller.rb:24:in `create'
  [1m[36mArticle Create (1.3ms)[0m  [1m[32mINSERT INTO "articles" ("title", "body", "created_at", "updated_at") VALUES (?, ?, ?, ?)[0m  [["title", "Hello"], ["body", "This is made with partial."], ["created_at", "2023-04-16 14:54:40.698466"], ["updated_at", "2023-04-16 14:54:40.698466"]]
  ↳ app/controllers/articles_controller.rb:24:in `create'
  [1m[36mTRANSACTION (0.6ms)[0m  [1m[36mcommit transaction[0m
  ↳ app/controllers/articles_controller.rb:24:in `create'
Redirected to http://0.0.0.0:3000/articles/5
Completed 302 Found in 7ms (ActiveRecord: 1.9ms | Allocations: 3715)


Started GET "/articles/5" for 127.0.0.1 at 2023-04-16 10:54:40 -0400
Processing by ArticlesController#show as TURBO_STREAM
  Parameters: {"id"=>"5"}
  [1m[36mArticle Load (0.2ms)[0m  [1m[34mSELECT "articles".* FROM "articles" WHERE "articles"."id" = ? LIMIT ?[0m  [["id", 5], ["LIMIT", 1]]
  ↳ app/controllers/articles_controller.rb:7:in `show'
  Rendering layout layouts/application.html.erb
  Rendering articles/show.html.erb within layouts/application
  Rendered articles/show.html.erb within layouts/application (Duration: 0.7ms | Allocations: 219)
  Rendered layout layouts/application.html.erb (Duration: 3.0ms | Allocations: 2465)
Completed 200 OK in 7ms (Views: 3.3ms | ActiveRecord: 0.2ms | Allocations: 5110)


Started GET "/articles" for 127.0.0.1 at 2023-04-16 10:54:42 -0400
Processing by ArticlesController#index as HTML
  Rendering layout layouts/application.html.erb
  Rendering articles/index.html.erb within layouts/application
  [1m[36mArticle Load (0.3ms)[0m  [1m[34mSELECT "articles".* FROM "articles"[0m
  ↳ app/views/articles/index.html.erb:9
  Rendered articles/index.html.erb within layouts/application (Duration: 4.1ms | Allocations: 1126)
  Rendered layout layouts/application.html.erb (Duration: 7.4ms | Allocations: 3374)
Completed 200 OK in 9ms (Views: 7.8ms | ActiveRecord: 0.3ms | Allocations: 3707)


Started GET "/articles/5" for 127.0.0.1 at 2023-04-16 10:54:44 -0400
Processing by ArticlesController#show as HTML
  Parameters: {"id"=>"5"}
  [1m[36mArticle Load (0.2ms)[0m  [1m[34mSELECT "articles".* FROM "articles" WHERE "articles"."id" = ? LIMIT ?[0m  [["id", 5], ["LIMIT", 1]]
  ↳ app/controllers/articles_controller.rb:7:in `show'
  Rendering layout layouts/application.html.erb
  Rendering articles/show.html.erb within layouts/application
  Rendered articles/show.html.erb within layouts/application (Duration: 0.2ms | Allocations: 49)
  Rendered layout layouts/application.html.erb (Duration: 3.3ms | Allocations: 2321)
Completed 200 OK in 20ms (Views: 18.0ms | ActiveRecord: 0.2ms | Allocations: 3070)


Started GET "/articles" for 127.0.0.1 at 2023-04-16 10:55:52 -0400
Processing by ArticlesController#index as HTML
  Rendering layout layouts/application.html.erb
  Rendering articles/index.html.erb within layouts/application
  [1m[36mArticle Load (0.2ms)[0m  [1m[34mSELECT "articles".* FROM "articles"[0m
  ↳ app/views/articles/index.html.erb:9
  Rendered articles/index.html.erb within layouts/application (Duration: 4.3ms | Allocations: 1082)
  Rendered layout layouts/application.html.erb (Duration: 8.5ms | Allocations: 3614)
Completed 200 OK in 12ms (Views: 10.5ms | ActiveRecord: 0.2ms | Allocations: 4351)


Started GET "/articles/5" for 127.0.0.1 at 2023-04-16 10:55:54 -0400
Processing by ArticlesController#show as HTML
  Parameters: {"id"=>"5"}
  [1m[36mArticle Load (0.1ms)[0m  [1m[34mSELECT "articles".* FROM "articles" WHERE "articles"."id" = ? LIMIT ?[0m  [["id", 5], ["LIMIT", 1]]
  ↳ app/controllers/articles_controller.rb:7:in `show'
  Rendering layout layouts/application.html.erb
  Rendering articles/show.html.erb within layouts/application
  Rendered articles/show.html.erb within layouts/application (Duration: 1.0ms | Allocations: 263)
  Rendered layout layouts/application.html.erb (Duration: 5.1ms | Allocations: 2508)
Completed 200 OK in 7ms (Views: 5.5ms | ActiveRecord: 0.1ms | Allocations: 3312)


Started GET "/articles" for 127.0.0.1 at 2023-04-16 10:55:56 -0400
Processing by ArticlesController#index as HTML
  Rendering layout layouts/application.html.erb
  Rendering articles/index.html.erb within layouts/application
  [1m[36mArticle Load (0.2ms)[0m  [1m[34mSELECT "articles".* FROM "articles"[0m
  ↳ app/views/articles/index.html.erb:9
  Rendered articles/index.html.erb within layouts/application (Duration: 1.8ms | Allocations: 833)
  Rendered layout layouts/application.html.erb (Duration: 6.6ms | Allocations: 3092)
Completed 200 OK in 8ms (Views: 7.1ms | ActiveRecord: 0.2ms | Allocations: 3360)


Started GET "/articles/5" for 127.0.0.1 at 2023-04-16 10:55:57 -0400
Processing by ArticlesController#show as HTML
  Parameters: {"id"=>"5"}
  [1m[36mArticle Load (0.2ms)[0m  [1m[34mSELECT "articles".* FROM "articles" WHERE "articles"."id" = ? LIMIT ?[0m  [["id", 5], ["LIMIT", 1]]
  ↳ app/controllers/articles_controller.rb:7:in `show'
  Rendering layout layouts/application.html.erb
  Rendering articles/show.html.erb within layouts/application
  Rendered articles/show.html.erb within layouts/application (Duration: 0.4ms | Allocations: 80)
  Rendered layout layouts/application.html.erb (Duration: 4.7ms | Allocations: 2335)
Completed 200 OK in 9ms (Views: 6.1ms | ActiveRecord: 0.2ms | Allocations: 3083)


Started GET "/articles/5/edit" for 127.0.0.1 at 2023-04-16 10:55:58 -0400
Processing by ArticlesController#edit as HTML
  Parameters: {"id"=>"5"}
  [1m[36mArticle Load (0.2ms)[0m  [1m[34mSELECT "articles".* FROM "articles" WHERE "articles"."id" = ? LIMIT ?[0m  [["id", 5], ["LIMIT", 1]]
  ↳ app/controllers/articles_controller.rb:33:in `edit'
Completed 406 Not Acceptable in 3ms (ActiveRecord: 0.2ms | Allocations: 1246)


  
ActionController::MissingExactTemplate (ArticlesController#edit is missing a template for request formats: text/html):
  
actionpack (7.0.4) lib/action_controller/metal/implicit_render.rb:45:in `default_render'
actionpack (7.0.4) lib/action_controller/metal/basic_implicit_render.rb:6:in `block in send_action'
<internal:kernel>:90:in `tap'
actionpack (7.0.4) lib/action_controller/metal/basic_implicit_render.rb:6:in `send_action'
actionpack (7.0.4) lib/abstract_controller/base.rb:215:in `process_action'
actionpack (7.0.4) lib/action_controller/metal/rendering.rb:53:in `process_action'
actionpack (7.0.4) lib/abstract_controller/callbacks.rb:234:in `block in process_action'
activesupport (7.0.4) lib/active_support/callbacks.rb:118:in `block in run_callbacks'
actiontext (7.0.4) lib/action_text/rendering.rb:20:in `with_renderer'
actiontext (7.0.4) lib/action_text/engine.rb:69:in `block (4 levels) in <class:Engine>'
activesupport (7.0.4) lib/active_support/callbacks.rb:127:in `instance_exec'
activesupport (7.0.4) lib/active_support/callbacks.rb:127:in `block in run_callbacks'
activesupport (7.0.4) lib/active_support/callbacks.rb:138:in `run_callbacks'
actionpack (7.0.4) lib/abstract_controller/callbacks.rb:233:in `process_action'
actionpack (7.0.4) lib/action_controller/metal/rescue.rb:22:in `process_action'
actionpack (7.0.4) lib/action_controller/metal/instrumentation.rb:67:in `block in process_action'
activesupport (7.0.4) lib/active_support/notifications.rb:206:in `block in instrument'
activesupport (7.0.4) lib/active_support/notifications/instrumenter.rb:24:in `instrument'
activesupport (7.0.4) lib/active_support/notifications.rb:206:in `instrument'
actionpack (7.0.4) lib/action_controller/metal/instrumentation.rb:66:in `process_action'
actionpack (7.0.4) lib/action_controller/metal/params_wrapper.rb:259:in `process_action'
activerecord (7.0.4) lib/active_record/railties/controller_runtime.rb:27:in `process_action'
actionpack (7.0.4) lib/abstract_controller/base.rb:151:in `process'
actionview (7.0.4) lib/action_view/rendering.rb:39:in `process'
actionpack (7.0.4) lib/action_controller/metal.rb:188:in `dispatch'
actionpack (7.0.4) lib/action_controller/metal.rb:251:in `dispatch'
actionpack (7.0.4) lib/action_dispatch/routing/route_set.rb:49:in `dispatch'
actionpack (7.0.4) lib/action_dispatch/routing/route_set.rb:32:in `serve'
actionpack (7.0.4) lib/action_dispatch/journey/router.rb:50:in `block in serve'
actionpack (7.0.4) lib/action_dispatch/journey/router.rb:32:in `each'
actionpack (7.0.4) lib/action_dispatch/journey/router.rb:32:in `serve'
actionpack (7.0.4) lib/action_dispatch/routing/route_set.rb:852:in `call'
rack (2.2.4) lib/rack/tempfile_reaper.rb:15:in `call'
rack (2.2.4) lib/rack/etag.rb:27:in `call'
rack (2.2.4) lib/rack/conditional_get.rb:27:in `call'
rack (2.2.4) lib/rack/head.rb:12:in `call'
actionpack (7.0.4) lib/action_dispatch/http/permissions_policy.rb:38:in `call'
actionpack (7.0.4) lib/action_dispatch/http/content_security_policy.rb:36:in `call'
rack (2.2.4) lib/rack/session/abstract/id.rb:266:in `context'
rack (2.2.4) lib/rack/session/abstract/id.rb:260:in `call'
actionpack (7.0.4) lib/action_dispatch/middleware/cookies.rb:696:in `call'
activerecord (7.0.4) lib/active_record/migration.rb:603:in `call'
actionpack (7.0.4) lib/action_dispatch/middleware/callbacks.rb:27:in `block in call'
activesupport (7.0.4) lib/active_support/callbacks.rb:99:in `run_callbacks'
actionpack (7.0.4) lib/action_dispatch/middleware/callbacks.rb:26:in `call'
actionpack (7.0.4) lib/action_dispatch/middleware/executor.rb:14:in `call'
actionpack (7.0.4) lib/action_dispatch/middleware/actionable_exceptions.rb:17:in `call'
actionpack (7.0.4) lib/action_dispatch/middleware/debug_exceptions.rb:28:in `call'
web-console (4.2.0) lib/web_console/middleware.rb:132:in `call_app'
web-console (4.2.0) lib/web_console/middleware.rb:28:in `block in call'
web-console (4.2.0) lib/web_console/middleware.rb:17:in `catch'
web-console (4.2.0) lib/web_console/middleware.rb:17:in `call'
actionpack (7.0.4) lib/action_dispatch/middleware/show_exceptions.rb:26:in `call'
railties (7.0.4) lib/rails/rack/logger.rb:40:in `call_app'
railties (7.0.4) lib/rails/rack/logger.rb:25:in `block in call'
activesupport (7.0.4) lib/active_support/tagged_logging.rb:99:in `block in tagged'
activesupport (7.0.4) lib/active_support/tagged_logging.rb:37:in `tagged'
activesupport (7.0.4) lib/active_support/tagged_logging.rb:99:in `tagged'
railties (7.0.4) lib/rails/rack/logger.rb:25:in `call'
sprockets-rails (3.4.2) lib/sprockets/rails/quiet_assets.rb:13:in `call'
actionpack (7.0.4) lib/action_dispatch/middleware/remote_ip.rb:93:in `call'
actionpack (7.0.4) lib/action_dispatch/middleware/request_id.rb:26:in `call'
rack (2.2.4) lib/rack/method_override.rb:24:in `call'
rack (2.2.4) lib/rack/runtime.rb:22:in `call'
activesupport (7.0.4) lib/active_support/cache/strategy/local_cache_middleware.rb:29:in `call'
actionpack (7.0.4) lib/action_dispatch/middleware/server_timing.rb:61:in `block in call'
actionpack (7.0.4) lib/action_dispatch/middleware/server_timing.rb:26:in `collect_events'
actionpack (7.0.4) lib/action_dispatch/middleware/server_timing.rb:60:in `call'
actionpack (7.0.4) lib/action_dispatch/middleware/executor.rb:14:in `call'
actionpack (7.0.4) lib/action_dispatch/middleware/static.rb:23:in `call'
rack (2.2.4) lib/rack/sendfile.rb:110:in `call'
actionpack (7.0.4) lib/action_dispatch/middleware/host_authorization.rb:137:in `call'
railties (7.0.4) lib/rails/engine.rb:530:in `call'
puma (5.6.5) lib/puma/configuration.rb:252:in `call'
puma (5.6.5) lib/puma/request.rb:77:in `block in handle_request'
puma (5.6.5) lib/puma/thread_pool.rb:340:in `with_force_shutdown'
puma (5.6.5) lib/puma/request.rb:76:in `handle_request'
puma (5.6.5) lib/puma/server.rb:443:in `process_client'
puma (5.6.5) lib/puma/thread_pool.rb:147:in `block in spawn_thread'
